15:17:13 **** Build of configuration Default for project HLSPlayerSDK ****
"C:\\adt\\ndk\\android-ndk-r9d\\ndk-build.cmd" all 
Android NDK: WARNING: APP_PLATFORM android-19 is larger than android:minSdkVersion 9 in ./AndroidManifest.xml    
Android NDK: WARNING:jni/Android.mk:HLSPlayerSDK: non-system libraries in linker flags: -lstagefright -lbinder -lmedia c:/ADT/ndk/android-ndk-r9d/sources/cxx-stl/gnu-libstdc++/4.6/libs/armeabi-v7a/libsupc++.a c:/ADT/ndk/android-ndk-r9d/sources/cxx-stl/gnu-libstdc++/4.6/libs/armeabi-v7a/libgnustl_static.a    
Android NDK:     This is likely to result in incorrect builds. Try using LOCAL_STATIC_LIBRARIES    
Android NDK:     or LOCAL_SHARED_LIBRARIES instead to list the library dependencies of the    
Android NDK:     current module    
[armeabi] Compile++ thumb: HLSPlayerSDK <= HLSPlayerSDK.cpp
In file included from jni/HLSPlayer.h:18:0,
                 from jni/HLSPlayerSDK.cpp:10:
jni/../android-source/frameworks/av/include/media/stagefright/MetaData.h:33:29: warning: multi-character character constant [-Wmultichar]
jni/../android-source/frameworks/av/include/media/stagefright/MetaData.h:34:29: warning: multi-character character constant [-Wmultichar]
jni/../android-source/frameworks/av/include/media/stagefright/MetaData.h:35:29: warning: multi-character character constant [-Wmultichar]
jni/../android-source/frameworks/av/include/media/stagefright/MetaData.h:36:29: warning: multi-character character constant [-Wmultichar]
jni/../android-source/frameworks/av/include/media/stagefright/MetaData.h:37:29: warning: multi-character character constant [-Wmultichar]
jni/../android-source/frameworks/av/include/media/stagefright/MetaData.h:38:29: warning: multi-character character constant [-Wmultichar]
jni/../android-source/frameworks/av/include/media/stagefright/MetaData.h:39:29: warning: multi-character character constant [-Wmultichar]
jni/../android-source/frameworks/av/include/media/stagefright/MetaData.h:42:29: warning: multi-character character constant [-Wmultichar]
jni/../android-source/frameworks/av/include/media/stagefright/MetaData.h:44:29: warning: multi-character character constant [-Wmultichar]
jni/../android-source/frameworks/av/include/media/stagefright/MetaData.h:45:29: warning: multi-character character constant [-Wmultichar]
jni/../android-source/frameworks/av/include/media/stagefright/MetaData.h:46:29: warning: multi-character character constant [-Wmultichar]
jni/../android-source/frameworks/av/include/media/stagefright/MetaData.h:47:29: warning: multi-character character constant [-Wmultichar]
jni/../android-source/frameworks/av/include/media/stagefright/MetaData.h:48:29: warning: multi-character character constant [-Wmultichar]
jni/../android-source/frameworks/av/include/media/stagefright/MetaData.h:49:29: warning: multi-character character constant [-Wmultichar]
jni/../android-source/frameworks/av/include/media/stagefright/MetaData.h:50:29: warning: multi-character character constant [-Wmultichar]
jni/../android-source/frameworks/av/include/media/stagefright/MetaData.h:51:29: warning: multi-character character constant [-Wmultichar]
jni/../android-source/frameworks/av/include/media/stagefright/MetaData.h:52:29: warning: multi-character character constant [-Wmultichar]
jni/../android-source/frameworks/av/include/media/stagefright/MetaData.h:53:29: warning: multi-character character constant [-Wmultichar]
jni/../android-source/frameworks/av/include/media/stagefright/MetaData.h:54:29: warning: multi-character character constant [-Wmultichar]
jni/../android-source/frameworks/av/include/media/stagefright/MetaData.h:55:29: warning: multi-character character constant [-Wmultichar]
jni/../android-source/frameworks/av/include/media/stagefright/MetaData.h:56:29: warning: multi-character character constant [-Wmultichar]
jni/../android-source/frameworks/av/include/media/stagefright/MetaData.h:57:29: warning: multi-character character constant [-Wmultichar]
jni/../android-source/frameworks/av/include/media/stagefright/MetaData.h:58:29: warning: multi-character character constant [-Wmultichar]
jni/../android-source/frameworks/av/include/media/stagefright/MetaData.h:59:29: warning: multi-character character constant [-Wmultichar]
jni/../android-source/frameworks/av/include/media/stagefright/MetaData.h:60:29: warning: multi-character character constant [-Wmultichar]
jni/../android-source/frameworks/av/include/media/stagefright/MetaData.h:61:29: warning: multi-character character constant [-Wmultichar]
jni/../android-source/frameworks/av/include/media/stagefright/MetaData.h:62:29: warning: multi-character character constant [-Wmultichar]
jni/../android-source/frameworks/av/include/media/stagefright/MetaData.h:63:29: warning: multi-character character constant [-Wmultichar]
jni/../android-source/frameworks/av/include/media/stagefright/MetaData.h:64:29: warning: multi-character character constant [-Wmultichar]
jni/../android-source/frameworks/av/include/media/stagefright/MetaData.h:65:29: warning: multi-character character constant [-Wmultichar]
jni/../android-source/frameworks/av/include/media/stagefright/MetaData.h:66:29: warning: multi-character character constant [-Wmultichar]
jni/../android-source/frameworks/av/include/media/stagefright/MetaData.h:67:29: warning: multi-character character constant [-Wmultichar]
jni/../android-source/frameworks/av/include/media/stagefright/MetaData.h:68:29: warning: multi-character character constant [-Wmultichar]
jni/../android-source/frameworks/av/include/media/stagefright/MetaData.h:69:29: warning: multi-character character constant [-Wmultichar]
jni/../android-source/frameworks/av/include/media/stagefright/MetaData.h:70:29: warning: multi-character character constant [-Wmultichar]
jni/../android-source/frameworks/av/include/media/stagefright/MetaData.h:71:29: warning: multi-character character constant [-Wmultichar]
jni/../android-source/frameworks/av/include/media/stagefright/MetaData.h:72:29: warning: multi-character character constant [-Wmultichar]
jni/../android-source/frameworks/av/include/media/stagefright/MetaData.h:73:29: warning: multi-character character constant [-Wmultichar]
jni/../android-source/frameworks/av/include/media/stagefright/MetaData.h:74:29: warning: multi-character character constant [-Wmultichar]
jni/../android-source/frameworks/av/include/media/stagefright/MetaData.h:75:29: warning: multi-character character constant [-Wmultichar]
jni/../android-source/frameworks/av/include/media/stagefright/MetaData.h:76:29: warning: multi-character character constant [-Wmultichar]
jni/../android-source/frameworks/av/include/media/stagefright/MetaData.h:77:29: warning: multi-character character constant [-Wmultichar]
jni/../android-source/frameworks/av/include/media/stagefright/MetaData.h:78:29: warning: multi-character character constant [-Wmultichar]
jni/../android-source/frameworks/av/include/media/stagefright/MetaData.h:80:29: warning: multi-character character constant [-Wmultichar]
jni/../android-source/frameworks/av/include/media/stagefright/MetaData.h:81:29: warning: multi-character character constant [-Wmultichar]
jni/../android-source/frameworks/av/include/media/stagefright/MetaData.h:82:29: warning: multi-character character constant [-Wmultichar]
jni/../android-source/frameworks/av/include/media/stagefright/MetaData.h:83:29: warning: multi-character character constant [-Wmultichar]
jni/../android-source/frameworks/av/include/media/stagefright/MetaData.h:84:29: warning: multi-character character constant [-Wmultichar]
jni/../android-source/frameworks/av/include/media/stagefright/MetaData.h:85:29: warning: multi-character character constant [-Wmultichar]
jni/../android-source/frameworks/av/include/media/stagefright/MetaData.h:86:29: warning: multi-character character constant [-Wmultichar]
jni/../android-source/frameworks/av/include/media/stagefright/MetaData.h:87:29: warning: multi-character character constant [-Wmultichar]
jni/../android-source/frameworks/av/include/media/stagefright/MetaData.h:88:29: warning: multi-character character constant [-Wmultichar]
jni/../android-source/frameworks/av/include/media/stagefright/MetaData.h:89:29: warning: multi-character character constant [-Wmultichar]
jni/../android-source/frameworks/av/include/media/stagefright/MetaData.h:90:29: warning: multi-character character constant [-Wmultichar]
jni/../android-source/frameworks/av/include/media/stagefright/MetaData.h:91:29: warning: multi-character character constant [-Wmultichar]
jni/../android-source/frameworks/av/include/media/stagefright/MetaData.h:92:29: warning: multi-character character constant [-Wmultichar]
jni/../android-source/frameworks/av/include/media/stagefright/MetaData.h:93:29: warning: multi-character character constant [-Wmultichar]
jni/../android-source/frameworks/av/include/media/stagefright/MetaData.h:94:29: warning: multi-character character constant [-Wmultichar]
jni/../android-source/frameworks/av/include/media/stagefright/MetaData.h:95:29: warning: multi-character character constant [-Wmultichar]
jni/../android-source/frameworks/av/include/media/stagefright/MetaData.h:96:29: warning: multi-character character constant [-Wmultichar]
jni/../android-source/frameworks/av/include/media/stagefright/MetaData.h:99:29: warning: multi-character character constant [-Wmultichar]
jni/../android-source/frameworks/av/include/media/stagefright/MetaData.h:100:29: warning: multi-character character constant [-Wmultichar]
jni/../android-source/frameworks/av/include/media/stagefright/MetaData.h:103:29: warning: multi-character character constant [-Wmultichar]
jni/../android-source/frameworks/av/include/media/stagefright/MetaData.h:104:29: warning: multi-character character constant [-Wmultichar]
jni/../android-source/frameworks/av/include/media/stagefright/MetaData.h:109:29: warning: multi-character character constant [-Wmultichar]
jni/../android-source/frameworks/av/include/media/stagefright/MetaData.h:113:29: warning: multi-character character constant [-Wmultichar]
jni/../android-source/frameworks/av/include/media/stagefright/MetaData.h:115:29: warning: multi-character character constant [-Wmultichar]
jni/../android-source/frameworks/av/include/media/stagefright/MetaData.h:116:29: warning: multi-character character constant [-Wmultichar]
jni/../android-source/frameworks/av/include/media/stagefright/MetaData.h:119:29: warning: multi-character character constant [-Wmultichar]
jni/../android-source/frameworks/av/include/media/stagefright/MetaData.h:121:29: warning: multi-character character constant [-Wmultichar]
jni/../android-source/frameworks/av/include/media/stagefright/MetaData.h:123:29: warning: multi-character character constant [-Wmultichar]
jni/../android-source/frameworks/av/include/media/stagefright/MetaData.h:126:29: warning: multi-character character constant [-Wmultichar]
jni/../android-source/frameworks/av/include/media/stagefright/MetaData.h:129:29: warning: multi-character character constant [-Wmultichar]
jni/../android-source/frameworks/av/include/media/stagefright/MetaData.h:132:29: warning: multi-character character constant [-Wmultichar]
jni/../android-source/frameworks/av/include/media/stagefright/MetaData.h:134:33: warning: multi-character character constant [-Wmultichar]
jni/../android-source/frameworks/av/include/media/stagefright/MetaData.h:136:29: warning: multi-character character constant [-Wmultichar]
jni/../android-source/frameworks/av/include/media/stagefright/MetaData.h:155:29: warning: multi-character character constant [-Wmultichar]
jni/../android-source/frameworks/av/include/media/stagefright/MetaData.h:156:29: warning: multi-character character constant [-Wmultichar]
jni/../android-source/frameworks/av/include/media/stagefright/MetaData.h:157:29: warning: multi-character character constant [-Wmultichar]
jni/../android-source/frameworks/av/include/media/stagefright/MetaData.h:158:29: warning: multi-character character constant [-Wmultichar]
jni/../android-source/frameworks/av/include/media/stagefright/MetaData.h:159:29: warning: multi-character character constant [-Wmultichar]
jni/../android-source/frameworks/av/include/media/stagefright/MetaData.h:161:31: warning: multi-character character constant [-Wmultichar]
jni/../android-source/frameworks/av/include/media/stagefright/MetaData.h:163:29: warning: multi-character character constant [-Wmultichar]
jni/../android-source/frameworks/av/include/media/stagefright/MetaData.h:167:24: warning: multi-character character constant [-Wmultichar]
jni/../android-source/frameworks/av/include/media/stagefright/MetaData.h:168:24: warning: multi-character character constant [-Wmultichar]
jni/../android-source/frameworks/av/include/media/stagefright/MetaData.h:169:24: warning: multi-character character constant [-Wmultichar]
jni/../android-source/frameworks/av/include/media/stagefright/MetaData.h:178:25: warning: multi-character character constant [-Wmultichar]
jni/../android-source/frameworks/av/include/media/stagefright/MetaData.h:179:25: warning: multi-character character constant [-Wmultichar]
jni/../android-source/frameworks/av/include/media/stagefright/MetaData.h:180:25: warning: multi-character character constant [-Wmultichar]
jni/../android-source/frameworks/av/include/media/stagefright/MetaData.h:181:25: warning: multi-character character constant [-Wmultichar]
jni/../android-source/frameworks/av/include/media/stagefright/MetaData.h:182:25: warning: multi-character character constant [-Wmultichar]
jni/../android-source/frameworks/av/include/media/stagefright/MetaData.h:183:25: warning: multi-character character constant [-Wmultichar]
jni/../android-source/frameworks/av/include/media/stagefright/MetaData.h:184:25: warning: multi-character character constant [-Wmultichar]
jni/HLSPlayerSDK.cpp:22:0: warning: "CLASS_NAME" redefined [enabled by default]
jni/HLSPlayerSDK.h:14:0: note: this is the location of the previous definition
jni/HLSPlayerSDK.cpp:38:0: warning: "METHOD" redefined [enabled by default]
jni/HLSPlayerSDK.cpp:30:0: note: this is the location of the previous definition
jni/HLSPlayerSDK.cpp:49:0: warning: "METHOD" redefined [enabled by default]
jni/HLSPlayerSDK.cpp:38:0: note: this is the location of the previous definition
jni/HLSPlayerSDK.cpp:58:0: warning: "METHOD" redefined [enabled by default]
jni/HLSPlayerSDK.cpp:49:0: note: this is the location of the previous definition
jni/HLSPlayerSDK.cpp:79:0: warning: "METHOD" redefined [enabled by default]
jni/HLSPlayerSDK.cpp:58:0: note: this is the location of the previous definition
jni/HLSPlayerSDK.cpp:96:0: warning: "METHOD" redefined [enabled by default]
jni/HLSPlayerSDK.cpp:79:0: note: this is the location of the previous definition
jni/HLSPlayerSDK.cpp:108:0: warning: "METHOD" redefined [enabled by default]
jni/HLSPlayerSDK.cpp:102:0: note: this is the location of the previous definition
jni/HLSPlayerSDK.cpp:119:0: warning: "METHOD" redefined [enabled by default]
jni/HLSPlayerSDK.cpp:108:0: note: this is the location of the previous definition
jni/HLSPlayerSDK.cpp:136:0: warning: "METHOD" redefined [enabled by default]
jni/HLSPlayerSDK.cpp:119:0: note: this is the location of the previous definition
jni/HLSPlayerSDK.cpp:142:0: warning: "METHOD" redefined [enabled by default]
jni/HLSPlayerSDK.cpp:136:0: note: this is the location of the previous definition
[armeabi] Compile++ thumb: HLSPlayerSDK <= HLSSegment.cpp
In file included from jni/HLSSegment.h:15:0,
                 from jni/HLSSegment.cpp:14:
jni/../android-source/frameworks/av/include/media/stagefright/MetaData.h:33:29: warning: multi-character character constant [-Wmultichar]
jni/../android-source/frameworks/av/include/media/stagefright/MetaData.h:34:29: warning: multi-character character constant [-Wmultichar]
jni/../android-source/frameworks/av/include/media/stagefright/MetaData.h:35:29: warning: multi-character character constant [-Wmultichar]
jni/../android-source/frameworks/av/include/media/stagefright/MetaData.h:36:29: warning: multi-character character constant [-Wmultichar]
jni/../android-source/frameworks/av/include/media/stagefright/MetaData.h:37:29: warning: multi-character character constant [-Wmultichar]
jni/../android-source/frameworks/av/include/media/stagefright/MetaData.h:38:29: warning: multi-character character constant [-Wmultichar]
jni/../android-source/frameworks/av/include/media/stagefright/MetaData.h:39:29: warning: multi-character character constant [-Wmultichar]
jni/../android-source/frameworks/av/include/media/stagefright/MetaData.h:42:29: warning: multi-character character constant [-Wmultichar]
jni/../android-source/frameworks/av/include/media/stagefright/MetaData.h:44:29: warning: multi-character character constant [-Wmultichar]
jni/../android-source/frameworks/av/include/media/stagefright/MetaData.h:45:29: warning: multi-character character constant [-Wmultichar]
jni/../android-source/frameworks/av/include/media/stagefright/MetaData.h:46:29: warning: multi-character character constant [-Wmultichar]
jni/../android-source/frameworks/av/include/media/stagefright/MetaData.h:47:29: warning: multi-character character constant [-Wmultichar]
jni/../android-source/frameworks/av/include/media/stagefright/MetaData.h:48:29: warning: multi-character character constant [-Wmultichar]
jni/../android-source/frameworks/av/include/media/stagefright/MetaData.h:49:29: warning: multi-character character constant [-Wmultichar]
jni/../android-source/frameworks/av/include/media/stagefright/MetaData.h:50:29: warning: multi-character character constant [-Wmultichar]
jni/../android-source/frameworks/av/include/media/stagefright/MetaData.h:51:29: warning: multi-character character constant [-Wmultichar]
jni/../android-source/frameworks/av/include/media/stagefright/MetaData.h:52:29: warning: multi-character character constant [-Wmultichar]
jni/../android-source/frameworks/av/include/media/stagefright/MetaData.h:53:29: warning: multi-character character constant [-Wmultichar]
jni/../android-source/frameworks/av/include/media/stagefright/MetaData.h:54:29: warning: multi-character character constant [-Wmultichar]
jni/../android-source/frameworks/av/include/media/stagefright/MetaData.h:55:29: warning: multi-character character constant [-Wmultichar]
jni/../android-source/frameworks/av/include/media/stagefright/MetaData.h:56:29: warning: multi-character character constant [-Wmultichar]
jni/../android-source/frameworks/av/include/media/stagefright/MetaData.h:57:29: warning: multi-character character constant [-Wmultichar]
jni/../android-source/frameworks/av/include/media/stagefright/MetaData.h:58:29: warning: multi-character character constant [-Wmultichar]
jni/../android-source/frameworks/av/include/media/stagefright/MetaData.h:59:29: warning: multi-character character constant [-Wmultichar]
jni/../android-source/frameworks/av/include/media/stagefright/MetaData.h:60:29: warning: multi-character character constant [-Wmultichar]
jni/../android-source/frameworks/av/include/media/stagefright/MetaData.h:61:29: warning: multi-character character constant [-Wmultichar]
jni/../android-source/frameworks/av/include/media/stagefright/MetaData.h:62:29: warning: multi-character character constant [-Wmultichar]
jni/../android-source/frameworks/av/include/media/stagefright/MetaData.h:63:29: warning: multi-character character constant [-Wmultichar]
jni/../android-source/frameworks/av/include/media/stagefright/MetaData.h:64:29: warning: multi-character character constant [-Wmultichar]
jni/../android-source/frameworks/av/include/media/stagefright/MetaData.h:65:29: warning: multi-character character constant [-Wmultichar]
jni/../android-source/frameworks/av/include/media/stagefright/MetaData.h:66:29: warning: multi-character character constant [-Wmultichar]
jni/../android-source/frameworks/av/include/media/stagefright/MetaData.h:67:29: warning: multi-character character constant [-Wmultichar]
jni/../android-source/frameworks/av/include/media/stagefright/MetaData.h:68:29: warning: multi-character character constant [-Wmultichar]
jni/../android-source/frameworks/av/include/media/stagefright/MetaData.h:69:29: warning: multi-character character constant [-Wmultichar]
jni/../android-source/frameworks/av/include/media/stagefright/MetaData.h:70:29: warning: multi-character character constant [-Wmultichar]
jni/../android-source/frameworks/av/include/media/stagefright/MetaData.h:71:29: warning: multi-character character constant [-Wmultichar]
jni/../android-source/frameworks/av/include/media/stagefright/MetaData.h:72:29: warning: multi-character character constant [-Wmultichar]
jni/../android-source/frameworks/av/include/media/stagefright/MetaData.h:73:29: warning: multi-character character constant [-Wmultichar]
jni/../android-source/frameworks/av/include/media/stagefright/MetaData.h:74:29: warning: multi-character character constant [-Wmultichar]
jni/../android-source/frameworks/av/include/media/stagefright/MetaData.h:75:29: warning: multi-character character constant [-Wmultichar]
jni/../android-source/frameworks/av/include/media/stagefright/MetaData.h:76:29: warning: multi-character character constant [-Wmultichar]
jni/../android-source/frameworks/av/include/media/stagefright/MetaData.h:77:29: warning: multi-character character constant [-Wmultichar]
jni/../android-source/frameworks/av/include/media/stagefright/MetaData.h:78:29: warning: multi-character character constant [-Wmultichar]
jni/../android-source/frameworks/av/include/media/stagefright/MetaData.h:80:29: warning: multi-character character constant [-Wmultichar]
jni/../android-source/frameworks/av/include/media/stagefright/MetaData.h:81:29: warning: multi-character character constant [-Wmultichar]
jni/../android-source/frameworks/av/include/media/stagefright/MetaData.h:82:29: warning: multi-character character constant [-Wmultichar]
jni/../android-source/frameworks/av/include/media/stagefright/MetaData.h:83:29: warning: multi-character character constant [-Wmultichar]
jni/../android-source/frameworks/av/include/media/stagefright/MetaData.h:84:29: warning: multi-character character constant [-Wmultichar]
jni/../android-source/frameworks/av/include/media/stagefright/MetaData.h:85:29: warning: multi-character character constant [-Wmultichar]
jni/../android-source/frameworks/av/include/media/stagefright/MetaData.h:86:29: warning: multi-character character constant [-Wmultichar]
jni/../android-source/frameworks/av/include/media/stagefright/MetaData.h:87:29: warning: multi-character character constant [-Wmultichar]
jni/../android-source/frameworks/av/include/media/stagefright/MetaData.h:88:29: warning: multi-character character constant [-Wmultichar]
jni/../android-source/frameworks/av/include/media/stagefright/MetaData.h:89:29: warning: multi-character character constant [-Wmultichar]
jni/../android-source/frameworks/av/include/media/stagefright/MetaData.h:90:29: warning: multi-character character constant [-Wmultichar]
jni/../android-source/frameworks/av/include/media/stagefright/MetaData.h:91:29: warning: multi-character character constant [-Wmultichar]
jni/../android-source/frameworks/av/include/media/stagefright/MetaData.h:92:29: warning: multi-character character constant [-Wmultichar]
jni/../android-source/frameworks/av/include/media/stagefright/MetaData.h:93:29: warning: multi-character character constant [-Wmultichar]
jni/../android-source/frameworks/av/include/media/stagefright/MetaData.h:94:29: warning: multi-character character constant [-Wmultichar]
jni/../android-source/frameworks/av/include/media/stagefright/MetaData.h:95:29: warning: multi-character character constant [-Wmultichar]
jni/../android-source/frameworks/av/include/media/stagefright/MetaData.h:96:29: warning: multi-character character constant [-Wmultichar]
jni/../android-source/frameworks/av/include/media/stagefright/MetaData.h:99:29: warning: multi-character character constant [-Wmultichar]
jni/../android-source/frameworks/av/include/media/stagefright/MetaData.h:100:29: warning: multi-character character constant [-Wmultichar]
jni/../android-source/frameworks/av/include/media/stagefright/MetaData.h:103:29: warning: multi-character character constant [-Wmultichar]
jni/../android-source/frameworks/av/include/media/stagefright/MetaData.h:104:29: warning: multi-character character constant [-Wmultichar]
jni/../android-source/frameworks/av/include/media/stagefright/MetaData.h:109:29: warning: multi-character character constant [-Wmultichar]
jni/../android-source/frameworks/av/include/media/stagefright/MetaData.h:113:29: warning: multi-character character constant [-Wmultichar]
jni/../android-source/frameworks/av/include/media/stagefright/MetaData.h:115:29: warning: multi-character character constant [-Wmultichar]
jni/../android-source/frameworks/av/include/media/stagefright/MetaData.h:116:29: warning: multi-character character constant [-Wmultichar]
jni/../android-source/frameworks/av/include/media/stagefright/MetaData.h:119:29: warning: multi-character character constant [-Wmultichar]
jni/../android-source/frameworks/av/include/media/stagefright/MetaData.h:121:29: warning: multi-character character constant [-Wmultichar]
jni/../android-source/frameworks/av/include/media/stagefright/MetaData.h:123:29: warning: multi-character character constant [-Wmultichar]
jni/../android-source/frameworks/av/include/media/stagefright/MetaData.h:126:29: warning: multi-character character constant [-Wmultichar]
jni/../android-source/frameworks/av/include/media/stagefright/MetaData.h:129:29: warning: multi-character character constant [-Wmultichar]
jni/../android-source/frameworks/av/include/media/stagefright/MetaData.h:132:29: warning: multi-character character constant [-Wmultichar]
jni/../android-source/frameworks/av/include/media/stagefright/MetaData.h:134:33: warning: multi-character character constant [-Wmultichar]
jni/../android-source/frameworks/av/include/media/stagefright/MetaData.h:136:29: warning: multi-character character constant [-Wmultichar]
jni/../android-source/frameworks/av/include/media/stagefright/MetaData.h:155:29: warning: multi-character character constant [-Wmultichar]
jni/../android-source/frameworks/av/include/media/stagefright/MetaData.h:156:29: warning: multi-character character constant [-Wmultichar]
jni/../android-source/frameworks/av/include/media/stagefright/MetaData.h:157:29: warning: multi-character character constant [-Wmultichar]
jni/../android-source/frameworks/av/include/media/stagefright/MetaData.h:158:29: warning: multi-character character constant [-Wmultichar]
jni/../android-source/frameworks/av/include/media/stagefright/MetaData.h:159:29: warning: multi-character character constant [-Wmultichar]
jni/../android-source/frameworks/av/include/media/stagefright/MetaData.h:161:31: warning: multi-character character constant [-Wmultichar]
jni/../android-source/frameworks/av/include/media/stagefright/MetaData.h:163:29: warning: multi-character character constant [-Wmultichar]
jni/../android-source/frameworks/av/include/media/stagefright/MetaData.h:167:24: warning: multi-character character constant [-Wmultichar]
jni/../android-source/frameworks/av/include/media/stagefright/MetaData.h:168:24: warning: multi-character character constant [-Wmultichar]
jni/../android-source/frameworks/av/include/media/stagefright/MetaData.h:169:24: warning: multi-character character constant [-Wmultichar]
jni/../android-source/frameworks/av/include/media/stagefright/MetaData.h:178:25: warning: multi-character character constant [-Wmultichar]
jni/../android-source/frameworks/av/include/media/stagefright/MetaData.h:179:25: warning: multi-character character constant [-Wmultichar]
jni/../android-source/frameworks/av/include/media/stagefright/MetaData.h:180:25: warning: multi-character character constant [-Wmultichar]
jni/../android-source/frameworks/av/include/media/stagefright/MetaData.h:181:25: warning: multi-character character constant [-Wmultichar]
jni/../android-source/frameworks/av/include/media/stagefright/MetaData.h:182:25: warning: multi-character character constant [-Wmultichar]
jni/../android-source/frameworks/av/include/media/stagefright/MetaData.h:183:25: warning: multi-character character constant [-Wmultichar]
jni/../android-source/frameworks/av/include/media/stagefright/MetaData.h:184:25: warning: multi-character character constant [-Wmultichar]
jni/HLSSegment.cpp:28:0: warning: "METHOD" redefined [enabled by default]
jni/HLSSegment.cpp:22:0: note: this is the location of the previous definition
jni/HLSSegment.cpp:34:0: warning: "METHOD" redefined [enabled by default]
jni/HLSSegment.cpp:28:0: note: this is the location of the previous definition
jni/HLSSegment.cpp:220:0: warning: "METHOD" redefined [enabled by default]
jni/HLSSegment.cpp:34:0: note: this is the location of the previous definition
jni/HLSSegment.cpp:226:0: warning: "METHOD" redefined [enabled by default]
jni/HLSSegment.cpp:220:0: note: this is the location of the previous definition
jni/HLSSegment.cpp:232:0: warning: "METHOD" redefined [enabled by default]
jni/HLSSegment.cpp:226:0: note: this is the location of the previous definition
jni/HLSSegment.cpp:238:0: warning: "METHOD" redefined [enabled by default]
jni/HLSSegment.cpp:232:0: note: this is the location of the previous definition
jni/HLSSegment.cpp:244:0: warning: "METHOD" redefined [enabled by default]
jni/HLSSegment.cpp:238:0: note: this is the location of the previous definition
jni/HLSSegment.cpp:256:0: warning: "METHOD" redefined [enabled by default]
jni/HLSSegment.cpp:250:0: note: this is the location of the previous definition
jni/HLSSegment.cpp: In member function 'bool HLSSegment::SetDataSource(android::sp<android::DataSource>)':
jni/HLSSegment.cpp:48:3: warning: format '%x' expects argument of type 'unsigned int', but argument 4 has type 'android::DataSource*' [-Wformat]
[armeabi] Compile++ thumb: HLSPlayerSDK <= HLSMediaSourceAdapter.cpp
In file included from jni/HLSMediaSourceAdapter.h:16:0,
                 from jni/HLSMediaSourceAdapter.cpp:11:
jni/../android-source/frameworks/av/include/media/stagefright/MetaData.h:33:29: warning: multi-character character constant [-Wmultichar]
jni/../android-source/frameworks/av/include/media/stagefright/MetaData.h:34:29: warning: multi-character character constant [-Wmultichar]
jni/../android-source/frameworks/av/include/media/stagefright/MetaData.h:35:29: warning: multi-character character constant [-Wmultichar]
jni/../android-source/frameworks/av/include/media/stagefright/MetaData.h:36:29: warning: multi-character character constant [-Wmultichar]
jni/../android-source/frameworks/av/include/media/stagefright/MetaData.h:37:29: warning: multi-character character constant [-Wmultichar]
jni/../android-source/frameworks/av/include/media/stagefright/MetaData.h:38:29: warning: multi-character character constant [-Wmultichar]
jni/../android-source/frameworks/av/include/media/stagefright/MetaData.h:39:29: warning: multi-character character constant [-Wmultichar]
jni/../android-source/frameworks/av/include/media/stagefright/MetaData.h:42:29: warning: multi-character character constant [-Wmultichar]
jni/../android-source/frameworks/av/include/media/stagefright/MetaData.h:44:29: warning: multi-character character constant [-Wmultichar]
jni/../android-source/frameworks/av/include/media/stagefright/MetaData.h:45:29: warning: multi-character character constant [-Wmultichar]
jni/../android-source/frameworks/av/include/media/stagefright/MetaData.h:46:29: warning: multi-character character constant [-Wmultichar]
jni/../android-source/frameworks/av/include/media/stagefright/MetaData.h:47:29: warning: multi-character character constant [-Wmultichar]
jni/../android-source/frameworks/av/include/media/stagefright/MetaData.h:48:29: warning: multi-character character constant [-Wmultichar]
jni/../android-source/frameworks/av/include/media/stagefright/MetaData.h:49:29: warning: multi-character character constant [-Wmultichar]
jni/../android-source/frameworks/av/include/media/stagefright/MetaData.h:50:29: warning: multi-character character constant [-Wmultichar]
jni/../android-source/frameworks/av/include/media/stagefright/MetaData.h:51:29: warning: multi-character character constant [-Wmultichar]
jni/../android-source/frameworks/av/include/media/stagefright/MetaData.h:52:29: warning: multi-character character constant [-Wmultichar]
jni/../android-source/frameworks/av/include/media/stagefright/MetaData.h:53:29: warning: multi-character character constant [-Wmultichar]
jni/../android-source/frameworks/av/include/media/stagefright/MetaData.h:54:29: warning: multi-character character constant [-Wmultichar]
jni/../android-source/frameworks/av/include/media/stagefright/MetaData.h:55:29: warning: multi-character character constant [-Wmultichar]
jni/../android-source/frameworks/av/include/media/stagefright/MetaData.h:56:29: warning: multi-character character constant [-Wmultichar]
jni/../android-source/frameworks/av/include/media/stagefright/MetaData.h:57:29: warning: multi-character character constant [-Wmultichar]
jni/../android-source/frameworks/av/include/media/stagefright/MetaData.h:58:29: warning: multi-character character constant [-Wmultichar]
jni/../android-source/frameworks/av/include/media/stagefright/MetaData.h:59:29: warning: multi-character character constant [-Wmultichar]
jni/../android-source/frameworks/av/include/media/stagefright/MetaData.h:60:29: warning: multi-character character constant [-Wmultichar]
jni/../android-source/frameworks/av/include/media/stagefright/MetaData.h:61:29: warning: multi-character character constant [-Wmultichar]
jni/../android-source/frameworks/av/include/media/stagefright/MetaData.h:62:29: warning: multi-character character constant [-Wmultichar]
jni/../android-source/frameworks/av/include/media/stagefright/MetaData.h:63:29: warning: multi-character character constant [-Wmultichar]
jni/../android-source/frameworks/av/include/media/stagefright/MetaData.h:64:29: warning: multi-character character constant [-Wmultichar]
jni/../android-source/frameworks/av/include/media/stagefright/MetaData.h:65:29: warning: multi-character character constant [-Wmultichar]
jni/../android-source/frameworks/av/include/media/stagefright/MetaData.h:66:29: warning: multi-character character constant [-Wmultichar]
jni/../android-source/frameworks/av/include/media/stagefright/MetaData.h:67:29: warning: multi-character character constant [-Wmultichar]
jni/../android-source/frameworks/av/include/media/stagefright/MetaData.h:68:29: warning: multi-character character constant [-Wmultichar]
jni/../android-source/frameworks/av/include/media/stagefright/MetaData.h:69:29: warning: multi-character character constant [-Wmultichar]
jni/../android-source/frameworks/av/include/media/stagefright/MetaData.h:70:29: warning: multi-character character constant [-Wmultichar]
jni/../android-source/frameworks/av/include/media/stagefright/MetaData.h:71:29: warning: multi-character character constant [-Wmultichar]
jni/../android-source/frameworks/av/include/media/stagefright/MetaData.h:72:29: warning: multi-character character constant [-Wmultichar]
jni/../android-source/frameworks/av/include/media/stagefright/MetaData.h:73:29: warning: multi-character character constant [-Wmultichar]
jni/../android-source/frameworks/av/include/media/stagefright/MetaData.h:74:29: warning: multi-character character constant [-Wmultichar]
jni/../android-source/frameworks/av/include/media/stagefright/MetaData.h:75:29: warning: multi-character character constant [-Wmultichar]
jni/../android-source/frameworks/av/include/media/stagefright/MetaData.h:76:29: warning: multi-character character constant [-Wmultichar]
jni/../android-source/frameworks/av/include/media/stagefright/MetaData.h:77:29: warning: multi-character character constant [-Wmultichar]
jni/../android-source/frameworks/av/include/media/stagefright/MetaData.h:78:29: warning: multi-character character constant [-Wmultichar]
jni/../android-source/frameworks/av/include/media/stagefright/MetaData.h:80:29: warning: multi-character character constant [-Wmultichar]
jni/../android-source/frameworks/av/include/media/stagefright/MetaData.h:81:29: warning: multi-character character constant [-Wmultichar]
jni/../android-source/frameworks/av/include/media/stagefright/MetaData.h:82:29: warning: multi-character character constant [-Wmultichar]
jni/../android-source/frameworks/av/include/media/stagefright/MetaData.h:83:29: warning: multi-character character constant [-Wmultichar]
jni/../android-source/frameworks/av/include/media/stagefright/MetaData.h:84:29: warning: multi-character character constant [-Wmultichar]
jni/../android-source/frameworks/av/include/media/stagefright/MetaData.h:85:29: warning: multi-character character constant [-Wmultichar]
jni/../android-source/frameworks/av/include/media/stagefright/MetaData.h:86:29: warning: multi-character character constant [-Wmultichar]
jni/../android-source/frameworks/av/include/media/stagefright/MetaData.h:87:29: warning: multi-character character constant [-Wmultichar]
jni/../android-source/frameworks/av/include/media/stagefright/MetaData.h:88:29: warning: multi-character character constant [-Wmultichar]
jni/../android-source/frameworks/av/include/media/stagefright/MetaData.h:89:29: warning: multi-character character constant [-Wmultichar]
jni/../android-source/frameworks/av/include/media/stagefright/MetaData.h:90:29: warning: multi-character character constant [-Wmultichar]
jni/../android-source/frameworks/av/include/media/stagefright/MetaData.h:91:29: warning: multi-character character constant [-Wmultichar]
jni/../android-source/frameworks/av/include/media/stagefright/MetaData.h:92:29: warning: multi-character character constant [-Wmultichar]
jni/../android-source/frameworks/av/include/media/stagefright/MetaData.h:93:29: warning: multi-character character constant [-Wmultichar]
jni/../android-source/frameworks/av/include/media/stagefright/MetaData.h:94:29: warning: multi-character character constant [-Wmultichar]
jni/../android-source/frameworks/av/include/media/stagefright/MetaData.h:95:29: warning: multi-character character constant [-Wmultichar]
jni/../android-source/frameworks/av/include/media/stagefright/MetaData.h:96:29: warning: multi-character character constant [-Wmultichar]
jni/../android-source/frameworks/av/include/media/stagefright/MetaData.h:99:29: warning: multi-character character constant [-Wmultichar]
jni/../android-source/frameworks/av/include/media/stagefright/MetaData.h:100:29: warning: multi-character character constant [-Wmultichar]
jni/../android-source/frameworks/av/include/media/stagefright/MetaData.h:103:29: warning: multi-character character constant [-Wmultichar]
jni/../android-source/frameworks/av/include/media/stagefright/MetaData.h:104:29: warning: multi-character character constant [-Wmultichar]
jni/../android-source/frameworks/av/include/media/stagefright/MetaData.h:109:29: warning: multi-character character constant [-Wmultichar]
jni/../android-source/frameworks/av/include/media/stagefright/MetaData.h:113:29: warning: multi-character character constant [-Wmultichar]
jni/../android-source/frameworks/av/include/media/stagefright/MetaData.h:115:29: warning: multi-character character constant [-Wmultichar]
jni/../android-source/frameworks/av/include/media/stagefright/MetaData.h:116:29: warning: multi-character character constant [-Wmultichar]
jni/../android-source/frameworks/av/include/media/stagefright/MetaData.h:119:29: warning: multi-character character constant [-Wmultichar]
jni/../android-source/frameworks/av/include/media/stagefright/MetaData.h:121:29: warning: multi-character character constant [-Wmultichar]
jni/../android-source/frameworks/av/include/media/stagefright/MetaData.h:123:29: warning: multi-character character constant [-Wmultichar]
jni/../android-source/frameworks/av/include/media/stagefright/MetaData.h:126:29: warning: multi-character character constant [-Wmultichar]
jni/../android-source/frameworks/av/include/media/stagefright/MetaData.h:129:29: warning: multi-character character constant [-Wmultichar]
jni/../android-source/frameworks/av/include/media/stagefright/MetaData.h:132:29: warning: multi-character character constant [-Wmultichar]
jni/../android-source/frameworks/av/include/media/stagefright/MetaData.h:134:33: warning: multi-character character constant [-Wmultichar]
jni/../android-source/frameworks/av/include/media/stagefright/MetaData.h:136:29: warning: multi-character character constant [-Wmultichar]
jni/../android-source/frameworks/av/include/media/stagefright/MetaData.h:155:29: warning: multi-character character constant [-Wmultichar]
jni/../android-source/frameworks/av/include/media/stagefright/MetaData.h:156:29: warning: multi-character character constant [-Wmultichar]
jni/../android-source/frameworks/av/include/media/stagefright/MetaData.h:157:29: warning: multi-character character constant [-Wmultichar]
jni/../android-source/frameworks/av/include/media/stagefright/MetaData.h:158:29: warning: multi-character character constant [-Wmultichar]
jni/../android-source/frameworks/av/include/media/stagefright/MetaData.h:159:29: warning: multi-character character constant [-Wmultichar]
jni/../android-source/frameworks/av/include/media/stagefright/MetaData.h:161:31: warning: multi-character character constant [-Wmultichar]
jni/../android-source/frameworks/av/include/media/stagefright/MetaData.h:163:29: warning: multi-character character constant [-Wmultichar]
jni/../android-source/frameworks/av/include/media/stagefright/MetaData.h:167:24: warning: multi-character character constant [-Wmultichar]
jni/../android-source/frameworks/av/include/media/stagefright/MetaData.h:168:24: warning: multi-character character constant [-Wmultichar]
jni/../android-source/frameworks/av/include/media/stagefright/MetaData.h:169:24: warning: multi-character character constant [-Wmultichar]
jni/../android-source/frameworks/av/include/media/stagefright/MetaData.h:178:25: warning: multi-character character constant [-Wmultichar]
jni/../android-source/frameworks/av/include/media/stagefright/MetaData.h:179:25: warning: multi-character character constant [-Wmultichar]
jni/../android-source/frameworks/av/include/media/stagefright/MetaData.h:180:25: warning: multi-character character constant [-Wmultichar]
jni/../android-source/frameworks/av/include/media/stagefright/MetaData.h:181:25: warning: multi-character character constant [-Wmultichar]
jni/../android-source/frameworks/av/include/media/stagefright/MetaData.h:182:25: warning: multi-character character constant [-Wmultichar]
jni/../android-source/frameworks/av/include/media/stagefright/MetaData.h:183:25: warning: multi-character character constant [-Wmultichar]
jni/../android-source/frameworks/av/include/media/stagefright/MetaData.h:184:25: warning: multi-character character constant [-Wmultichar]
jni/HLSMediaSourceAdapter.cpp:25:0: warning: "METHOD" redefined [enabled by default]
jni/HLSMediaSourceAdapter.cpp:19:0: note: this is the location of the previous definition
jni/HLSMediaSourceAdapter.cpp:43:0: warning: "METHOD" redefined [enabled by default]
jni/HLSMediaSourceAdapter.cpp:25:0: note: this is the location of the previous definition
jni/HLSMediaSourceAdapter.cpp:51:0: warning: "METHOD" redefined [enabled by default]
jni/HLSMediaSourceAdapter.cpp:43:0: note: this is the location of the previous definition
jni/HLSMediaSourceAdapter.cpp:85:0: warning: "METHOD" redefined [enabled by default]
jni/HLSMediaSourceAdapter.cpp:51:0: note: this is the location of the previous definition
jni/HLSMediaSourceAdapter.cpp:93:0: warning: "METHOD" redefined [enabled by default]
jni/HLSMediaSourceAdapter.cpp:85:0: note: this is the location of the previous definition
jni/HLSMediaSourceAdapter.cpp:101:0: warning: "METHOD" redefined [enabled by default]
jni/HLSMediaSourceAdapter.cpp:93:0: note: this is the location of the previous definition
jni/HLSMediaSourceAdapter.cpp:130:0: warning: "METHOD" redefined [enabled by default]
jni/HLSMediaSourceAdapter.cpp:101:0: note: this is the location of the previous definition
jni/HLSMediaSourceAdapter.cpp:138:0: warning: "METHOD" redefined [enabled by default]
jni/HLSMediaSourceAdapter.cpp:130:0: note: this is the location of the previous definition
jni/HLSMediaSourceAdapter.cpp: In member function 'virtual android::status_t HLSMediaSourceAdapter::read(android::MediaBuffer**, const android::MediaSource::ReadOptions*)':
jni/HLSMediaSourceAdapter.cpp:118:5: warning: format '%x' expects argument of type 'unsigned int', but argument 4 has type 'android::MediaBuffer**' [-Wformat]
[armeabi] Compile++ thumb: HLSPlayerSDK <= HLSPlayer.cpp
In file included from jni/HLSPlayer.h:18:0,
                 from jni/HLSPlayer.cpp:8:
jni/../android-source/frameworks/av/include/media/stagefright/MetaData.h:33:29: warning: multi-character character constant [-Wmultichar]
jni/../android-source/frameworks/av/include/media/stagefright/MetaData.h:34:29: warning: multi-character character constant [-Wmultichar]
jni/../android-source/frameworks/av/include/media/stagefright/MetaData.h:35:29: warning: multi-character character constant [-Wmultichar]
jni/../android-source/frameworks/av/include/media/stagefright/MetaData.h:36:29: warning: multi-character character constant [-Wmultichar]
jni/../android-source/frameworks/av/include/media/stagefright/MetaData.h:37:29: warning: multi-character character constant [-Wmultichar]
jni/../android-source/frameworks/av/include/media/stagefright/MetaData.h:38:29: warning: multi-character character constant [-Wmultichar]
jni/../android-source/frameworks/av/include/media/stagefright/MetaData.h:39:29: warning: multi-character character constant [-Wmultichar]
jni/../android-source/frameworks/av/include/media/stagefright/MetaData.h:42:29: warning: multi-character character constant [-Wmultichar]
jni/../android-source/frameworks/av/include/media/stagefright/MetaData.h:44:29: warning: multi-character character constant [-Wmultichar]
jni/../android-source/frameworks/av/include/media/stagefright/MetaData.h:45:29: warning: multi-character character constant [-Wmultichar]
jni/../android-source/frameworks/av/include/media/stagefright/MetaData.h:46:29: warning: multi-character character constant [-Wmultichar]
jni/../android-source/frameworks/av/include/media/stagefright/MetaData.h:47:29: warning: multi-character character constant [-Wmultichar]
jni/../android-source/frameworks/av/include/media/stagefright/MetaData.h:48:29: warning: multi-character character constant [-Wmultichar]
jni/../android-source/frameworks/av/include/media/stagefright/MetaData.h:49:29: warning: multi-character character constant [-Wmultichar]
jni/../android-source/frameworks/av/include/media/stagefright/MetaData.h:50:29: warning: multi-character character constant [-Wmultichar]
jni/../android-source/frameworks/av/include/media/stagefright/MetaData.h:51:29: warning: multi-character character constant [-Wmultichar]
jni/../android-source/frameworks/av/include/media/stagefright/MetaData.h:52:29: warning: multi-character character constant [-Wmultichar]
jni/../android-source/frameworks/av/include/media/stagefright/MetaData.h:53:29: warning: multi-character character constant [-Wmultichar]
jni/../android-source/frameworks/av/include/media/stagefright/MetaData.h:54:29: warning: multi-character character constant [-Wmultichar]
jni/../android-source/frameworks/av/include/media/stagefright/MetaData.h:55:29: warning: multi-character character constant [-Wmultichar]
jni/../android-source/frameworks/av/include/media/stagefright/MetaData.h:56:29: warning: multi-character character constant [-Wmultichar]
jni/../android-source/frameworks/av/include/media/stagefright/MetaData.h:57:29: warning: multi-character character constant [-Wmultichar]
jni/../android-source/frameworks/av/include/media/stagefright/MetaData.h:58:29: warning: multi-character character constant [-Wmultichar]
jni/../android-source/frameworks/av/include/media/stagefright/MetaData.h:59:29: warning: multi-character character constant [-Wmultichar]
jni/../android-source/frameworks/av/include/media/stagefright/MetaData.h:60:29: warning: multi-character character constant [-Wmultichar]
jni/../android-source/frameworks/av/include/media/stagefright/MetaData.h:61:29: warning: multi-character character constant [-Wmultichar]
jni/../android-source/frameworks/av/include/media/stagefright/MetaData.h:62:29: warning: multi-character character constant [-Wmultichar]
jni/../android-source/frameworks/av/include/media/stagefright/MetaData.h:63:29: warning: multi-character character constant [-Wmultichar]
jni/../android-source/frameworks/av/include/media/stagefright/MetaData.h:64:29: warning: multi-character character constant [-Wmultichar]
jni/../android-source/frameworks/av/include/media/stagefright/MetaData.h:65:29: warning: multi-character character constant [-Wmultichar]
jni/../android-source/frameworks/av/include/media/stagefright/MetaData.h:66:29: warning: multi-character character constant [-Wmultichar]
jni/../android-source/frameworks/av/include/media/stagefright/MetaData.h:67:29: warning: multi-character character constant [-Wmultichar]
jni/../android-source/frameworks/av/include/media/stagefright/MetaData.h:68:29: warning: multi-character character constant [-Wmultichar]
jni/../android-source/frameworks/av/include/media/stagefright/MetaData.h:69:29: warning: multi-character character constant [-Wmultichar]
jni/../android-source/frameworks/av/include/media/stagefright/MetaData.h:70:29: warning: multi-character character constant [-Wmultichar]
jni/../android-source/frameworks/av/include/media/stagefright/MetaData.h:71:29: warning: multi-character character constant [-Wmultichar]
jni/../android-source/frameworks/av/include/media/stagefright/MetaData.h:72:29: warning: multi-character character constant [-Wmultichar]
jni/../android-source/frameworks/av/include/media/stagefright/MetaData.h:73:29: warning: multi-character character constant [-Wmultichar]
jni/../android-source/frameworks/av/include/media/stagefright/MetaData.h:74:29: warning: multi-character character constant [-Wmultichar]
jni/../android-source/frameworks/av/include/media/stagefright/MetaData.h:75:29: warning: multi-character character constant [-Wmultichar]
jni/../android-source/frameworks/av/include/media/stagefright/MetaData.h:76:29: warning: multi-character character constant [-Wmultichar]
jni/../android-source/frameworks/av/include/media/stagefright/MetaData.h:77:29: warning: multi-character character constant [-Wmultichar]
jni/../android-source/frameworks/av/include/media/stagefright/MetaData.h:78:29: warning: multi-character character constant [-Wmultichar]
jni/../android-source/frameworks/av/include/media/stagefright/MetaData.h:80:29: warning: multi-character character constant [-Wmultichar]
jni/../android-source/frameworks/av/include/media/stagefright/MetaData.h:81:29: warning: multi-character character constant [-Wmultichar]
jni/../android-source/frameworks/av/include/media/stagefright/MetaData.h:82:29: warning: multi-character character constant [-Wmultichar]
jni/../android-source/frameworks/av/include/media/stagefright/MetaData.h:83:29: warning: multi-character character constant [-Wmultichar]
jni/../android-source/frameworks/av/include/media/stagefright/MetaData.h:84:29: warning: multi-character character constant [-Wmultichar]
jni/../android-source/frameworks/av/include/media/stagefright/MetaData.h:85:29: warning: multi-character character constant [-Wmultichar]
jni/../android-source/frameworks/av/include/media/stagefright/MetaData.h:86:29: warning: multi-character character constant [-Wmultichar]
jni/../android-source/frameworks/av/include/media/stagefright/MetaData.h:87:29: warning: multi-character character constant [-Wmultichar]
jni/../android-source/frameworks/av/include/media/stagefright/MetaData.h:88:29: warning: multi-character character constant [-Wmultichar]
jni/../android-source/frameworks/av/include/media/stagefright/MetaData.h:89:29: warning: multi-character character constant [-Wmultichar]
jni/../android-source/frameworks/av/include/media/stagefright/MetaData.h:90:29: warning: multi-character character constant [-Wmultichar]
jni/../android-source/frameworks/av/include/media/stagefright/MetaData.h:91:29: warning: multi-character character constant [-Wmultichar]
jni/../android-source/frameworks/av/include/media/stagefright/MetaData.h:92:29: warning: multi-character character constant [-Wmultichar]
jni/../android-source/frameworks/av/include/media/stagefright/MetaData.h:93:29: warning: multi-character character constant [-Wmultichar]
jni/../android-source/frameworks/av/include/media/stagefright/MetaData.h:94:29: warning: multi-character character constant [-Wmultichar]
jni/../android-source/frameworks/av/include/media/stagefright/MetaData.h:95:29: warning: multi-character character constant [-Wmultichar]
jni/../android-source/frameworks/av/include/media/stagefright/MetaData.h:96:29: warning: multi-character character constant [-Wmultichar]
jni/../android-source/frameworks/av/include/media/stagefright/MetaData.h:99:29: warning: multi-character character constant [-Wmultichar]
jni/../android-source/frameworks/av/include/media/stagefright/MetaData.h:100:29: warning: multi-character character constant [-Wmultichar]
jni/../android-source/frameworks/av/include/media/stagefright/MetaData.h:103:29: warning: multi-character character constant [-Wmultichar]
jni/../android-source/frameworks/av/include/media/stagefright/MetaData.h:104:29: warning: multi-character character constant [-Wmultichar]
jni/../android-source/frameworks/av/include/media/stagefright/MetaData.h:109:29: warning: multi-character character constant [-Wmultichar]
jni/../android-source/frameworks/av/include/media/stagefright/MetaData.h:113:29: warning: multi-character character constant [-Wmultichar]
jni/../android-source/frameworks/av/include/media/stagefright/MetaData.h:115:29: warning: multi-character character constant [-Wmultichar]
jni/../android-source/frameworks/av/include/media/stagefright/MetaData.h:116:29: warning: multi-character character constant [-Wmultichar]
jni/../android-source/frameworks/av/include/media/stagefright/MetaData.h:119:29: warning: multi-character character constant [-Wmultichar]
jni/../android-source/frameworks/av/include/media/stagefright/MetaData.h:121:29: warning: multi-character character constant [-Wmultichar]
jni/../android-source/frameworks/av/include/media/stagefright/MetaData.h:123:29: warning: multi-character character constant [-Wmultichar]
jni/../android-source/frameworks/av/include/media/stagefright/MetaData.h:126:29: warning: multi-character character constant [-Wmultichar]
jni/../android-source/frameworks/av/include/media/stagefright/MetaData.h:129:29: warning: multi-character character constant [-Wmultichar]
jni/../android-source/frameworks/av/include/media/stagefright/MetaData.h:132:29: warning: multi-character character constant [-Wmultichar]
jni/../android-source/frameworks/av/include/media/stagefright/MetaData.h:134:33: warning: multi-character character constant [-Wmultichar]
jni/../android-source/frameworks/av/include/media/stagefright/MetaData.h:136:29: warning: multi-character character constant [-Wmultichar]
jni/../android-source/frameworks/av/include/media/stagefright/MetaData.h:155:29: warning: multi-character character constant [-Wmultichar]
jni/../android-source/frameworks/av/include/media/stagefright/MetaData.h:156:29: warning: multi-character character constant [-Wmultichar]
jni/../android-source/frameworks/av/include/media/stagefright/MetaData.h:157:29: warning: multi-character character constant [-Wmultichar]
jni/../android-source/frameworks/av/include/media/stagefright/MetaData.h:158:29: warning: multi-character character constant [-Wmultichar]
jni/../android-source/frameworks/av/include/media/stagefright/MetaData.h:159:29: warning: multi-character character constant [-Wmultichar]
jni/../android-source/frameworks/av/include/media/stagefright/MetaData.h:161:31: warning: multi-character character constant [-Wmultichar]
jni/../android-source/frameworks/av/include/media/stagefright/MetaData.h:163:29: warning: multi-character character constant [-Wmultichar]
jni/../android-source/frameworks/av/include/media/stagefright/MetaData.h:167:24: warning: multi-character character constant [-Wmultichar]
jni/../android-source/frameworks/av/include/media/stagefright/MetaData.h:168:24: warning: multi-character character constant [-Wmultichar]
jni/../android-source/frameworks/av/include/media/stagefright/MetaData.h:169:24: warning: multi-character character constant [-Wmultichar]
jni/../android-source/frameworks/av/include/media/stagefright/MetaData.h:178:25: warning: multi-character character constant [-Wmultichar]
jni/../android-source/frameworks/av/include/media/stagefright/MetaData.h:179:25: warning: multi-character character constant [-Wmultichar]
jni/../android-source/frameworks/av/include/media/stagefright/MetaData.h:180:25: warning: multi-character character constant [-Wmultichar]
jni/../android-source/frameworks/av/include/media/stagefright/MetaData.h:181:25: warning: multi-character character constant [-Wmultichar]
jni/../android-source/frameworks/av/include/media/stagefright/MetaData.h:182:25: warning: multi-character character constant [-Wmultichar]
jni/../android-source/frameworks/av/include/media/stagefright/MetaData.h:183:25: warning: multi-character character constant [-Wmultichar]
jni/../android-source/frameworks/av/include/media/stagefright/MetaData.h:184:25: warning: multi-character character constant [-Wmultichar]
jni/HLSPlayer.cpp:42:0: warning: "METHOD" redefined [enabled by default]
jni/HLSPlayer.cpp:27:0: note: this is the location of the previous definition
jni/HLSPlayer.cpp:48:0: warning: "METHOD" redefined [enabled by default]
jni/HLSPlayer.cpp:42:0: note: this is the location of the previous definition
jni/HLSPlayer.cpp:76:0: warning: "METHOD" redefined [enabled by default]
jni/HLSPlayer.cpp:48:0: note: this is the location of the previous definition
jni/HLSPlayer.cpp:98:0: warning: "METHOD" redefined [enabled by default]
jni/HLSPlayer.cpp:76:0: note: this is the location of the previous definition
jni/HLSPlayer.cpp:112:0: warning: "METHOD" redefined [enabled by default]
jni/HLSPlayer.cpp:98:0: note: this is the location of the previous definition
jni/HLSPlayer.cpp:142:0: warning: "METHOD" redefined [enabled by default]
jni/HLSPlayer.cpp:112:0: note: this is the location of the previous definition
jni/HLSPlayer.cpp:180:0: warning: "METHOD" redefined [enabled by default]
jni/HLSPlayer.cpp:142:0: note: this is the location of the previous definition
jni/HLSPlayer.cpp:210:0: warning: "METHOD" redefined [enabled by default]
jni/HLSPlayer.cpp:180:0: note: this is the location of the previous definition
jni/HLSPlayer.cpp:249:0: warning: "METHOD" redefined [enabled by default]
jni/HLSPlayer.cpp:210:0: note: this is the location of the previous definition
jni/HLSPlayer.cpp:328:0: warning: "METHOD" redefined [enabled by default]
jni/HLSPlayer.cpp:249:0: note: this is the location of the previous definition
jni/HLSPlayer.cpp:393:0: warning: "METHOD" redefined [enabled by default]
jni/HLSPlayer.cpp:328:0: note: this is the location of the previous definition
jni/HLSPlayer.cpp: In member function 'void HLSPlayer::SetSurface(JNIEnv*, jobject)':
jni/HLSPlayer.cpp:85:2: warning: format '%x' expects argument of type 'unsigned int', but argument 4 has type 'ANativeWindow*' [-Wformat]
jni/HLSPlayer.cpp: In member function 'void HLSPlayer::SetNativeWindow(ANativeWindow*)':
jni/HLSPlayer.cpp:101:2: warning: format '%x' expects argument of type 'unsigned int', but argument 4 has type 'ANativeWindow*' [-Wformat]
jni/HLSPlayer.cpp:104:3: warning: format '%x' expects argument of type 'unsigned int', but argument 4 has type 'ANativeWindow*' [-Wformat]
jni/HLSPlayer.cpp: In member function 'android::status_t HLSPlayer::PostSegment(HLSSegment*)':
jni/HLSPlayer.cpp:149:2: warning: format '%x' expects argument of type 'unsigned int', but argument 4 has type 'android::MediaSource*' [-Wformat]
jni/HLSPlayer.cpp:162:2: warning: format '%x' expects argument of type 'unsigned int', but argument 4 has type 'android::MediaSource*' [-Wformat]
jni/HLSPlayer.cpp: In member function 'int HLSPlayer::Update()':
jni/HLSPlayer.cpp:268:3: warning: format '%x' expects argument of type 'unsigned int', but argument 4 has type 'android::MediaBuffer*' [-Wformat]
[armeabi] Prebuilt       : libgnustl_shared.so <= <NDK>/sources/cxx-stl/gnu-libstdc++/4.6/libs/armeabi/
[armeabi] SharedLibrary  : libHLSPlayerSDK.so
[armeabi] Install        : libHLSPlayerSDK.so => libs/armeabi/libHLSPlayerSDK.so
[armeabi] Install        : libgnustl_shared.so => libs/armeabi/libgnustl_shared.so

15:17:23 Build Finished (took 10s.695ms)

